<?xml version="1.0" encoding="UTF-8"?>
<!-- Generated by org.testng.reporters.JUnitXMLReporter -->
<testsuite ignored="2" hostname="DESKTOP-VBUECEK" failures="1" tests="1" name="Test" time="56.243" errors="0" timestamp="2024-06-13T16:31:50 IST">
  <testcase classname="com.comcast.crm.orgtest.CreateOrganizationTest" name="CreateOrganization" time="29.276">
    <failure type="java.lang.AssertionError" message="expected [true] but found [Instagram475]">
      <![CDATA[java.lang.AssertionError: expected [true] but found [Instagram475]
at com.comcast.crm.orgtest.CreateOrganizationTest.CreateOrganization(CreateOrganizationTest.java:62)
at java.base/java.util.ArrayList.forEach(ArrayList.java:1511)
... Removed 30 stack frames]]>
    </failure>
  </testcase> <!-- CreateOrganization -->
  <testcase classname="com.comcast.crm.orgtest.CreateOrganizationTest" name="CreateOrgPnoNum" time="0.0">
    <ignored/>
  </testcase> <!-- CreateOrgPnoNum -->
  <testcase classname="com.comcast.crm.orgtest.CreateOrganizationTest" name="CreateOrgagnizationWithIndustriesTest" time="0.0">
    <ignored/>
  </testcase> <!-- CreateOrgagnizationWithIndustriesTest -->
</testsuite> <!-- Test -->
